<?xml version="1.0" encoding="UTF-8"?>
<!-- Generated by org.testng.reporters.JUnitXMLReporter -->
<testsuite hostname="LAPTOP-5MSMT5PF" ignored="2" name="Test" tests="3" failures="0" timestamp="10 Oct 2019 06:22:53 GMT" time="43.739" errors="0">
  <testcase name="@BeforeTest startTest" time="0.024" classname="generic.BaseTest">
    <failure type="java.lang.NoClassDefFoundError" message="freemarker/template/TemplateModelException">
      <![CDATA[java.lang.NoClassDefFoundError: freemarker/template/TemplateModelException
at generic.BaseTest.startTest(BaseTest.java:39)
Caused by: java.lang.ClassNotFoundException: freemarker.template.TemplateModelException
at java.net.URLClassLoader.findClass(Unknown Source)
at java.lang.ClassLoader.loadClass(Unknown Source)
at sun.misc.Launcher$AppClassLoader.loadClass(Unknown Source)
at java.lang.ClassLoader.loadClass(Unknown Source)
... 25 more
... Removed 24 stack frames]]>
    </failure>
  </testcase> <!-- @BeforeTest startTest -->
  <testcase name="@AfterTest endTest" time="0.0" classname="generic.BaseTest">
    <skipped/>
  </testcase> <!-- @AfterTest endTest -->
  <testcase name="validLogin" time="0.001" classname="scripts.LoginTest">
    <skipped/>
  </testcase> <!-- validLogin -->
  <testcase name="addDesktop" time="0.0" classname="scripts.AddProductTest">
    <skipped/>
  </testcase> <!-- addDesktop -->
  <testcase name="invalidLogin" time="0.0" classname="scripts.LoginTest">
    <skipped/>
  </testcase> <!-- invalidLogin -->
  <testcase name="@AfterTest endTest" time="0.0" classname="generic.BaseTest">
    <ignored/>
  </testcase> <!-- @AfterTest endTest -->
  <testcase name="@BeforeTest startTest" time="0.0" classname="generic.BaseTest">
    <ignored/>
  </testcase> <!-- @BeforeTest startTest -->
</testsuite> <!-- Test -->
